#
# There is insufficient memory for the Java Runtime Environment to continue.
# Native memory allocation (malloc) failed to allocate 1048576 bytes for AllocateHeap
# Possible reasons:
#   The system is out of physical RAM or swap space
#   The process is running with CompressedOops enabled, and the Java Heap may be blocking the growth of the native heap
# Possible solutions:
#   Reduce memory load on the system
#   Increase physical memory or swap space
#   Check if swap backing store is full
#   Decrease Java heap size (-Xmx/-Xms)
#   Decrease number of Java threads
#   Decrease Java thread stack sizes (-Xss)
#   Set larger code cache with -XX:ReservedCodeCacheSize=
#   JVM is running with Unscaled Compressed Oops mode in which the Java heap is
#     placed in the first 4GB address space. The Java Heap base address is the
#     maximum limit for the native heap growth. Please use -XX:HeapBaseMinAddress
#     to set the Java Heap base and to place the Java Heap above 4GB virtual address.
# This output file may be truncated or incomplete.
#
#  Out of Memory Error (memory/allocation.inline.hpp:61), pid=4792, tid=0x00000000000020ac
#
# JRE version:  (8.0_202-b08) (build )
# Java VM: Java HotSpot(TM) 64-Bit Server VM (25.202-b08 mixed mode windows-amd64 compressed oops)
# Failed to write core dump. Minidumps are not enabled by default on client versions of Windows
#

---------------  T H R E A D  ---------------

Current thread (0x0000000003202800):  JavaThread "Unknown thread" [_thread_in_vm, id=8364, stack(0x0000000003100000,0x0000000003200000)]

Stack: [0x0000000003100000,0x0000000003200000]
[error occurred during error reporting (printing stack bounds), id 0xc0000005]

Native frames: (J=compiled Java code, j=interpreted, Vv=VM code, C=native code)


---------------  P R O C E S S  ---------------

Java Threads: ( => current thread )

Other Threads:

=>0x0000000003202800 (exited) JavaThread "Unknown thread" [_thread_in_vm, id=8364, stack(0x0000000003100000,0x0000000003200000)]

VM state:not at safepoint (normal execution)

VM Mutex/Monitor currently owned by a thread: None

heap address: 0x0000000085600000, size: 1962 MB, Compressed Oops mode: 32-bit
Narrow klass base: 0x0000000000000000, Narrow klass shift: 3
Compressed class space size: 1073741824 Address: 0x0000000100000000

Heap:
 PSYoungGen      total 36864K, used 634K [0x00000000d7200000, 0x00000000d9b00000, 0x0000000100000000)
  eden space 31744K, 2% used [0x00000000d7200000,0x00000000d729eb90,0x00000000d9100000)
  from space 5120K, 0% used [0x00000000d9600000,0x00000000d9600000,0x00000000d9b00000)
  to   space 5120K, 0% used [0x00000000d9100000,0x00000000d9100000,0x00000000d9600000)
 ParOldGen       total 84992K, used 0K [0x0000000085600000, 0x000000008a900000, 0x00000000d7200000)
  object space 84992K, 0% used [0x0000000085600000,0x0000000085600000,0x000000008a900000)
 Metaspace       used 762K, capacity 4480K, committed 4480K, reserved 1056768K
  class space    used 76K, capacity 384K, committed 384K, reserved 1048576K

Card table byte_map: [0x00000000126c0000,0x0000000012aa0000] byte_map_base: 0x0000000012295000

Marking Bits: (ParMarkBitMap*) 0x0000000068735ce0
 Begin Bits: [0x0000000013130000, 0x0000000014fd8000)
 End Bits:   [0x0000000014fd8000, 0x0000000016e80000)

Polling page: 0x00000000017d0000

CodeCache: size=245760Kb used=328Kb max_used=328Kb free=245431Kb
 bounds [0x0000000003300000, 0x0000000003570000, 0x0000000012300000]
 total_blobs=58 nmethods=0 adapters=38
 compilation: enabled

Compilation events (0 events):
No events

GC Heap History (0 events):
No events

Deoptimization events (0 events):
No events

Classes redefined (0 events):
No events

Internal exceptions (0 events):
No events

Events (10 events):
Event: 0.055 loading class java/lang/Short
Event: 0.055 loading class java/lang/Short done
Event: 0.055 loading class java/lang/Integer
Event: 0.055 loading class java/lang/Integer done
Event: 0.055 loading class java/lang/Long
Event: 0.055 loading class java/lang/Long done
Event: 0.056 loading class java/lang/NullPointerException
Event: 0.056 loading class java/lang/NullPointerException done
Event: 0.056 loading class java/lang/ArithmeticException
Event: 0.057 loading class java/lang/ArithmeticException done


Dynamic libraries:
0x00007ff68ddd0000 - 0x00007ff68de07000 	C:\Program Files\Java\jre1.8.0_202\bin\javaw.exe
0x00007ffc17450000 - 0x00007ffc17648000 	C:\Windows\SYSTEM32\ntdll.dll
0x00007ffc16010000 - 0x00007ffc160cd000 	C:\Windows\System32\KERNEL32.DLL
0x00007ffc14cb0000 - 0x00007ffc14f7e000 	C:\Windows\System32\KERNELBASE.dll
0x00007ffc15be0000 - 0x00007ffc15c8e000 	C:\Windows\System32\ADVAPI32.dll
0x00007ffc15520000 - 0x00007ffc155be000 	C:\Windows\System32\msvcrt.dll
0x00007ffc15ee0000 - 0x00007ffc15f7c000 	C:\Windows\System32\sechost.dll
0x00007ffc172e0000 - 0x00007ffc17405000 	C:\Windows\System32\RPCRT4.dll
0x00007ffc15d40000 - 0x00007ffc15ee0000 	C:\Windows\System32\USER32.dll
0x00007ffc15140000 - 0x00007ffc15162000 	C:\Windows\System32\win32u.dll
0x00007ffc15f80000 - 0x00007ffc15faa000 	C:\Windows\System32\GDI32.dll
0x00007ffc14ba0000 - 0x00007ffc14cab000 	C:\Windows\System32\gdi32full.dll
0x00007ffc152d0000 - 0x00007ffc1536d000 	C:\Windows\System32\msvcp_win.dll
0x00007ffc14f80000 - 0x00007ffc15080000 	C:\Windows\System32\ucrtbase.dll
0x00007ffc0ca40000 - 0x00007ffc0ccda000 	C:\Windows\WinSxS\amd64_microsoft.windows.common-controls_6595b64144ccf1df_6.0.19041.1110_none_60b5254171f9507e\COMCTL32.dll
0x00007ffc15d00000 - 0x00007ffc15d30000 	C:\Windows\System32\IMM32.DLL
0x0000000067d50000 - 0x0000000067e22000 	C:\Program Files\Java\jre1.8.0_202\bin\msvcr100.dll
0x0000000067f10000 - 0x00000000687b5000 	C:\Program Files\Java\jre1.8.0_202\bin\server\jvm.dll
0x00007ffc154b0000 - 0x00007ffc154b8000 	C:\Windows\System32\PSAPI.DLL
0x00007ffc118c0000 - 0x00007ffc118c9000 	C:\Windows\SYSTEM32\WSOCK32.dll
0x00007ffc0edc0000 - 0x00007ffc0ede7000 	C:\Windows\SYSTEM32\WINMM.dll
0x00007ffc15c90000 - 0x00007ffc15cfb000 	C:\Windows\System32\WS2_32.dll
0x00007ffc0ed50000 - 0x00007ffc0ed5a000 	C:\Windows\SYSTEM32\VERSION.dll
0x00007ffc118b0000 - 0x00007ffc118bf000 	C:\Program Files\Java\jre1.8.0_202\bin\verify.dll
0x00007ffc0f440000 - 0x00007ffc0f469000 	C:\Program Files\Java\jre1.8.0_202\bin\java.dll
0x00007ffc09760000 - 0x00007ffc09795000 	C:\Program Files\Java\jre1.8.0_202\bin\jdwp.dll
0x00007ffc0d260000 - 0x00007ffc0d268000 	C:\Program Files\Java\jre1.8.0_202\bin\npt.dll
0x00007ffc0f530000 - 0x00007ffc0f546000 	C:\Program Files\Java\jre1.8.0_202\bin\zip.dll

VM Arguments:
jvm_args: -agentlib:jdwp=transport=dt_socket,suspend=y,address=localhost:50828 -Dfile.encoding=Cp1252 
java_command: com.hexa.sbi_atm.controller.AccountController
java_class_path (initial): D:\eclips program\ATM Project\bin
Launcher Type: SUN_STANDARD

Environment Variables:
PATH=C:/Program Files/Java/jre1.8.0_202/bin/server;C:/Program Files/Java/jre1.8.0_202/bin;C:/Program Files/Java/jre1.8.0_202/lib/amd64;C:\Program Files (x86)\Common Files\Oracle\Java\javapath;C:\Windows\system32;C:\Windows;C:\Windows\System32\Wbem;C:\Windows\System32\WindowsPowerShell\v1.0\;C:\Windows\System32\OpenSSH\;C:\Program Files\Java\jdk1.8.0_202\bin;C:\Program Files\Java\jdk1.8.0_202\bin;C:\Program Files\Java\jdk1.8.0_202\bin;C:\Users\ADMIN\AppData\Local\Microsoft\WindowsApps;;D:\softwares\eclipse;
USERNAME=ADMIN
OS=Windows_NT
PROCESSOR_IDENTIFIER=Intel64 Family 6 Model 142 Stepping 9, GenuineIntel



---------------  S Y S T E M  ---------------

OS: Windows 10.0 , 64 bit Build 19041 (10.0.19041.1806)

CPU:total 4 (initial active 4) (2 cores per cpu, 2 threads per core) family 6 model 142 stepping 9, cmov, cx8, fxsr, mmx, sse, sse2, sse3, ssse3, sse4.1, sse4.2, popcnt, avx, avx2, aes, clmul, erms, 3dnowpref, lzcnt, ht, tsc, tscinvbit, bmi1, bmi2, adx

Memory: 4k page, physical 8029108k(2383588k free), swap 32146356k(5680k free)

vm_info: Java HotSpot(TM) 64-Bit Server VM (25.202-b08) for windows-amd64 JRE (1.8.0_202-b08), built on Dec 15 2018 19:54:30 by "java_re" with MS VC++ 10.0 (VS2010)

time: Tue Aug 02 10:03:46 2022
timezone: India Standard Time
elapsed time: 0 seconds (0d 0h 0m 0s)

